<?xml version="1.0" encoding="UTF-8"?>
<!-- Generated by org.testng.reporters.JUnitReportReporter -->
<testsuite hostname="DESKTOP-IP4972A" failures="0" tests="5" name="tests.AddProductReviewTestWithJavaFaker" time="13.103" errors="0" timestamp="2024-02-20T15:19:58 EET" skipped="0">
  <testcase classname="tests.AddProductReviewTestWithJavaFaker" name="UserCanSearchUsingAutoSuggest" time="4.361"/>
  <testcase classname="tests.AddProductReviewTestWithJavaFaker" name="RegisteredUserCanLogout" time="1.140"/>
  <testcase classname="tests.AddProductReviewTestWithJavaFaker" name="RegisteredUserCanReviewProduct" time="2.577"/>
  <testcase classname="tests.AddProductReviewTestWithJavaFaker" name="RegisteredUserCanLogin" time="2.228"/>
  <testcase classname="tests.AddProductReviewTestWithJavaFaker" name="UserCanRegisterSuccessfully" time="2.797"/>
</testsuite> <!-- tests.AddProductReviewTestWithJavaFaker -->
