<?xml version="1.0" encoding="UTF-8"?>
<!-- Generated by org.testng.reporters.JUnitReportReporter -->
<testsuite hostname="DESKTOP-IP4972A" failures="0" tests="3" name="tests.UserRegistrationTest" time="5.374" errors="0" timestamp="2024-01-16T00:29:01 EET" skipped="0">
  <testcase classname="tests.UserRegistrationTest" name="RegisteredUserCanLogout" time="0.846"/>
  <testcase classname="tests.UserRegistrationTest" name="RegisteredUserCanLogin" time="1.841"/>
  <testcase classname="tests.UserRegistrationTest" name="UserCanRegisterSuccessfully" time="2.687"/>
</testsuite> <!-- tests.UserRegistrationTest -->
