<?xml version="1.0" encoding="UTF-8"?>
<!-- Generated by org.testng.reporters.JUnitReportReporter -->
<testsuite hostname="DESKTOP-IP4972A" failures="0" tests="3" name="tests.UserRegistrationTestWithJavaFaker" time="6.379" errors="0" timestamp="2024-01-21T21:12:10 EET" skipped="0">
  <testcase classname="tests.UserRegistrationTestWithJavaFaker" name="RegisteredUserCanLogin" time="1.985"/>
  <testcase classname="tests.UserRegistrationTestWithJavaFaker" name="RegisteredUserCanLogout" time="0.914"/>
  <testcase classname="tests.UserRegistrationTestWithJavaFaker" name="UserCanRegisterSuccessfully" time="3.480"/>
</testsuite> <!-- tests.UserRegistrationTestWithJavaFaker -->
