<?xml version="1.0" encoding="UTF-8"?>
<!-- Generated by org.testng.reporters.JUnitReportReporter -->
<testsuite hostname="DESKTOP-IP4972A" failures="0" tests="2" name="tests.AddProductToCompareTest" time="18.029" errors="0" timestamp="2024-02-20T15:19:58 EET" skipped="0">
  <testcase classname="tests.AddProductToCompareTest" name="UserCanCompareProducts" time="16.154"/>
  <testcase classname="tests.AddProductToCompareTest" name="UserCanClearCompareList" time="1.875"/>
</testsuite> <!-- tests.AddProductToCompareTest -->
