<?xml version="1.0" encoding="UTF-8"?>
<!-- Generated by org.testng.reporters.JUnitReportReporter -->
<testsuite hostname="DESKTOP-IP4972A" failures="0" tests="4" name="tests.GuestCheckoutProductTest" time="32.186" errors="0" timestamp="2024-02-20T21:37:59 EET" skipped="0">
  <testcase classname="tests.GuestCheckoutProductTest" name="UserCanAddProductTOCart" time="1.126"/>
  <testcase classname="tests.GuestCheckoutProductTest" name="UserCanViewOrderDetails" time="9.883"/>
  <testcase classname="tests.GuestCheckoutProductTest" name="UserCanCheckoutProduct" time="16.608"/>
  <testcase classname="tests.GuestCheckoutProductTest" name="UserCanSearchUsingAutoSuggest" time="4.569"/>
</testsuite> <!-- tests.GuestCheckoutProductTest -->
