<?xml version="1.0" encoding="UTF-8"?>
<!-- Generated by org.testng.reporters.JUnitReportReporter -->
<testsuite hostname="DESKTOP-IP4972A" failures="0" tests="3" name="runner.TestRunner" time="36.378" errors="0" timestamp="2024-01-28T14:23:29 EET" skipped="0">
  <testcase classname="runner.TestRunner" name="runScenario" time="30.711"/>
  <testcase classname="runner.TestRunner" name="runScenario" time="3.031"/>
  <testcase classname="runner.TestRunner" name="runScenario" time="2.636"/>
</testsuite> <!-- runner.TestRunner -->
