<?xml version="1.0" encoding="UTF-8"?>
<!-- Generated by org.testng.reporters.JUnitReportReporter -->
<testsuite hostname="DESKTOP-IP4972A" failures="0" tests="2" name="tests.ChangeCurrencyTest" time="6.465" errors="0" timestamp="2024-02-29T13:32:44 EET" skipped="0">
  <testcase classname="tests.ChangeCurrencyTest" name="UserCanChangeCurrency" time="1.954"/>
  <testcase classname="tests.ChangeCurrencyTest" name="UserCanSearchUsingAutoSuggest" time="4.511"/>
</testsuite> <!-- tests.ChangeCurrencyTest -->
