<?xml version="1.0" encoding="UTF-8"?>
<!-- Generated by org.testng.reporters.JUnitReportReporter -->
<testsuite hostname="DESKTOP-IP4972A" failures="0" tests="1" name="tests.SearchProductUsingAutoSuggest" time="3.466" errors="0" timestamp="2024-02-20T13:26:19 EET" skipped="0">
  <testcase classname="tests.SearchProductUsingAutoSuggest" name="UserCanSearchUsingAutoSuggest" time="3.466"/>
</testsuite> <!-- tests.SearchProductUsingAutoSuggest -->
