<?xml version="1.0" encoding="UTF-8"?>
<!-- Generated by org.testng.reporters.JUnitReportReporter -->
<testsuite hostname="DESKTOP-IP4972A" failures="0" tests="1" name="tests.UserRegistrationTestWithDDTAndCSV" time="12.900" errors="0" timestamp="2024-01-19T21:02:48 EET" skipped="0">
  <testcase classname="tests.UserRegistrationTestWithDDTAndCSV" name="UserCanRegisterSuccessfully" time="12.900"/>
</testsuite> <!-- tests.UserRegistrationTestWithDDTAndCSV -->
