<?xml version="1.0" encoding="UTF-8"?>
<!-- Generated by org.testng.reporters.JUnitReportReporter -->
<testsuite hostname="DESKTOP-IP4972A" failures="0" tests="5" name="tests.MyAccountTest" time="14.054" errors="0" timestamp="2024-02-20T22:37:18 EET" skipped="0">
  <testcase classname="tests.MyAccountTest" name="RegisteredUserCanLogout" time="1.607"/>
  <testcase classname="tests.MyAccountTest" name="RegisteredUserCanLoginAfterChangePassword" time="2.048"/>
  <testcase classname="tests.MyAccountTest" name="RegisteredUserCanLogin" time="1.966"/>
  <testcase classname="tests.MyAccountTest" name="LoggedInUserCanChangePassword" time="3.719"/>
  <testcase classname="tests.MyAccountTest" name="UserCanRegisterSuccessfully" time="4.714"/>
</testsuite> <!-- tests.MyAccountTest -->
