<?xml version="1.0" encoding="UTF-8"?>
<!-- Generated by org.testng.reporters.JUnitReportReporter -->
<testsuite hostname="DESKTOP-IP4972A" failures="0" tests="5" name="tests.AddProductReviewTest" time="13.081" errors="0" timestamp="2024-03-04T16:32:08 EET" skipped="0">
  <testcase classname="tests.AddProductReviewTest" name="RegisteredUserCanReviewProduct" time="2.036"/>
  <testcase classname="tests.AddProductReviewTest" name="UserCanSearchUsingAutoSuggest" time="5.024"/>
  <testcase classname="tests.AddProductReviewTest" name="RegisteredUserCanLogout" time="0.746"/>
  <testcase classname="tests.AddProductReviewTest" name="RegisteredUserCanLogin" time="1.704"/>
  <testcase classname="tests.AddProductReviewTest" name="UserCanRegisterSuccessfully" time="3.571"/>
</testsuite> <!-- tests.AddProductReviewTest -->
