<?xml version="1.0" encoding="UTF-8"?>
<!-- Generated by org.testng.reporters.JUnitReportReporter -->
<testsuite hostname="DESKTOP-IP4972A" failures="0" tests="5" name="tests.RegisteredUserCheckoutProductTest" time="42.153" errors="0" timestamp="2024-02-20T22:47:26 EET" skipped="0">
  <testcase classname="tests.RegisteredUserCheckoutProductTest" name="UserCanSearchUsingAutoSuggest" time="6.851"/>
  <testcase classname="tests.RegisteredUserCheckoutProductTest" name="UserCanCheckoutProduct" time="23.277"/>
  <testcase classname="tests.RegisteredUserCheckoutProductTest" name="RegisteredUserCanLogin" time="2.659"/>
  <testcase classname="tests.RegisteredUserCheckoutProductTest" name="UserCanAddProductTOCart" time="1.298"/>
  <testcase classname="tests.RegisteredUserCheckoutProductTest" name="UserCanRegisterSuccessfully" time="8.068"/>
</testsuite> <!-- tests.RegisteredUserCheckoutProductTest -->
