<?xml version="1.0" encoding="UTF-8"?>
<!-- Generated by org.testng.reporters.JUnitReportReporter -->
<testsuite hostname="DESKTOP-IP4972A" failures="0" tests="1" name="tests.UserRegistrationTestWithDDTAndJson" time="6.404" errors="0" timestamp="2024-01-21T20:38:45 EET" skipped="0">
  <testcase classname="tests.UserRegistrationTestWithDDTAndJson" name="UserCanRegisterSuccessfully" time="6.404"/>
</testsuite> <!-- tests.UserRegistrationTestWithDDTAndJson -->
