<?xml version="1.0" encoding="UTF-8"?>
<!-- Generated by org.testng.reporters.JUnitReportReporter -->
<testsuite hostname="DESKTOP-IP4972A" failures="0" tests="1" name="tests.ContactUsTest" time="3.720" errors="0" timestamp="2024-02-20T14:53:22 EET" skipped="0">
  <testcase classname="tests.ContactUsTest" name="UserCanUseContactUs" time="3.720"/>
</testsuite> <!-- tests.ContactUsTest -->
