<?xml version="1.0" encoding="UTF-8"?>
<!-- Generated by org.testng.reporters.JUnitReportReporter -->
<testsuite hostname="DESKTOP-IP4972A" failures="0" tests="3" name="tests.UserRegistrationTestWithDDTAndPropertiesFile" time="5.657" errors="0" timestamp="2024-01-16T14:01:15 EET" skipped="0">
  <testcase classname="tests.UserRegistrationTestWithDDTAndPropertiesFile" name="RegisteredUserCanLogin" time="1.886"/>
  <testcase classname="tests.UserRegistrationTestWithDDTAndPropertiesFile" name="RegisteredUserCanLogout" time="0.871"/>
  <testcase classname="tests.UserRegistrationTestWithDDTAndPropertiesFile" name="UserCanRegisterSuccessfully" time="2.900"/>
</testsuite> <!-- tests.UserRegistrationTestWithDDTAndPropertiesFile -->
