<?xml version="1.0" encoding="UTF-8"?>
<!-- Generated by org.testng.reporters.JUnitReportReporter -->
<testsuite hostname="DESKTOP-IP4972A" failures="0" tests="4" name="tests.EmailFriendTest" time="17.229" errors="0" timestamp="2024-02-20T17:05:27 EET" skipped="0">
  <testcase classname="tests.EmailFriendTest" name="UserCanSearchUsingAutoSuggest" time="5.587"/>
  <testcase classname="tests.EmailFriendTest" name="RegisteredUserCanSendProductToFriend" time="2.909"/>
  <testcase classname="tests.EmailFriendTest" name="RegisteredUserCanLogin" time="2.479"/>
  <testcase classname="tests.EmailFriendTest" name="UserCanRegisterSuccessfully" time="6.254"/>
</testsuite> <!-- tests.EmailFriendTest -->
